2024-10-10 09:18:55:1855 [35mhttp[39m: [35mGET / 200 5 - 4.668 ms[39m
[35m[39m
2024-10-10 09:18:55:1855 [35mhttp[39m: [35mGET /favicon.ico 200 5 - 0.786 ms[39m
[35m[39m
2024-10-10 09:19:00:190 [35mhttp[39m: [35mGET /api 200 5 - 0.741 ms[39m
[35m[39m
2024-10-10 09:19:00:190 [35mhttp[39m: [35mGET /favicon.ico 304 - - 1.253 ms[39m
[35m[39m
2024-10-10 09:20:07:207 [35mhttp[39m: [35mGET /api 200 103 - 2.788 ms[39m
[35m[39m
2024-10-10 09:20:07:207 [35mhttp[39m: [35mGET /favicon.ico 304 - - 1.800 ms[39m
[35m[39m
2024-10-10 10:03:44:344 [35mhttp[39m: [35mGET / 304 - - 1.410 ms[39m
[35m[39m
2024-10-10 10:03:44:344 [35mhttp[39m: [35mGET /favicon.ico 304 - - 0.729 ms[39m
[35m[39m
2024-10-10 10:03:50:350 [35mhttp[39m: [35mGET /api 304 - - 0.395 ms[39m
[35m[39m
2024-10-10 10:03:50:350 [35mhttp[39m: [35mGET /favicon.ico 304 - - 1.073 ms[39m
[35m[39m
2024-10-10 10:03:59:359 [35mhttp[39m: [35mGET /api/ping 200 5 - 0.725 ms[39m
[35m[39m
2024-10-10 10:03:59:359 [35mhttp[39m: [35mGET /favicon.ico 304 - - 0.601 ms[39m
[35m[39m
2024-10-10 10:06:32:632 [35mhttp[39m: [35mGET /api/ping 200 4 - 2.328 ms[39m
[35m[39m
2024-10-10 10:06:32:632 [35mhttp[39m: [35mGET /favicon.ico 304 - - 2.121 ms[39m
[35m[39m
2024-10-10 10:07:16:716 [35mhttp[39m: [35mGET /api/ping 200 32 - 2.673 ms[39m
[35m[39m
2024-10-10 10:07:16:716 [35mhttp[39m: [35mGET /favicon.ico 304 - - 2.087 ms[39m
[35m[39m
2024-10-10 10:08:35:835 [35mhttp[39m: [35mGET /api/ping 304 - - 2.958 ms[39m
[35m[39m
2024-10-10 10:08:35:835 [35mhttp[39m: [35mGET /favicon.ico 304 - - 13.517 ms[39m
[35m[39m
2024-10-10 10:08:35:835 [35mhttp[39m: [35mGET /api/ping 304 - - 0.550 ms[39m
[35m[39m
2024-10-10 10:08:35:835 [35mhttp[39m: [35mGET /favicon.ico 304 - - 0.636 ms[39m
[35m[39m
2024-10-10 10:08:36:836 [35mhttp[39m: [35mGET /api/ping 304 - - 0.614 ms[39m
[35m[39m
2024-10-10 10:08:36:836 [35mhttp[39m: [35mGET /favicon.ico 304 - - 0.545 ms[39m
[35m[39m
2024-10-10 10:08:36:836 [35mhttp[39m: [35mGET /api/ping 304 - - 0.297 ms[39m
[35m[39m
2024-10-10 10:08:36:836 [35mhttp[39m: [35mGET /favicon.ico 304 - - 0.603 ms[39m
[35m[39m
2024-10-10 10:08:36:836 [35mhttp[39m: [35mGET /api/ping 304 - - 0.497 ms[39m
[35m[39m
2024-10-10 10:08:36:836 [35mhttp[39m: [35mGET /favicon.ico 304 - - 0.559 ms[39m
[35m[39m
